memorycards/app/build/outputs/logs/manifest-merger-debug-report.txt
-- Merging decision tree log ---
manifest
ADDED from src/main/AndroidManifest.xml:2:1-100:12
	package
		ADDED from src/main/AndroidManifest.xml:3:5-48
		INJECTED from src/main/AndroidManifest.xml
		INJECTED from src/main/AndroidManifest.xml
	android:versionName
		INJECTED from src/main/AndroidManifest.xml
		INJECTED from src/main/AndroidManifest.xml
	xmlns:android
		ADDED from src/main/AndroidManifest.xml:2:11-69
	android:versionCode
		INJECTED from src/main/AndroidManifest.xml
		INJECTED from src/main/AndroidManifest.xml
uses-permission#android.permission.INTERNET
ADDED from src/main/AndroidManifest.xml:5:5-67
	android:name
		ADDED from src/main/AndroidManifest.xml:5:22-64
uses-permission#android.permission.ACCESS_NETWORK_STATE
ADDED from src/main/AndroidManifest.xml:6:5-79
	android:name
		ADDED from src/main/AndroidManifest.xml:6:22-76
uses-permission#android.permission.RECEIVE_BOOT_COMPLETED
ADDED from src/main/AndroidManifest.xml:7:5-81
	android:name
		ADDED from src/main/AndroidManifest.xml:7:22-78
uess-permission
ADDED from src/main/AndroidManifest.xml:9:5-81
	android:name
		ADDED from src/main/AndroidManifest.xml:9:22-78
application
ADDED from src/main/AndroidManifest.xml:11:5-98:19
MERGED from [com.google.android.gms:play-services-appindexing:9.8.0] AndroidManifest.xml:18:5-19
MERGED from [com.google.android.gms:play-services-base:9.8.0] AndroidManifest.xml:18:5-20:19
MERGED from [com.google.firebase:firebase-common:9.8.0] AndroidManifest.xml:4:5-7:19
MERGED from [com.google.android.gms:play-services-tasks:9.8.0] AndroidManifest.xml:4:5-19
MERGED from [com.google.android.gms:play-services-basement:9.8.0] AndroidManifest.xml:19:5-21:19
MERGED from [com.android.support:design:25.0.1] AndroidManifest.xml:25:5-20
MERGED from [com.android.support:appcompat-v7:25.0.1] AndroidManifest.xml:25:5-20
MERGED from [com.android.support:animated-vector-drawable:25.0.1] AndroidManifest.xml:22:5-20
MERGED from [com.android.support:support-vector-drawable:25.0.1] AndroidManifest.xml:23:5-20
MERGED from [com.android.support:transition:25.0.1] AndroidManifest.xml:22:5-20
MERGED from [com.android.support:support-v4:25.0.1] AndroidManifest.xml:25:5-20
MERGED from [com.android.support:support-fragment:25.0.1] AndroidManifest.xml:25:5-20
MERGED from [com.android.support:support-media-compat:25.0.1] AndroidManifest.xml:25:5-20
MERGED from [com.android.support:support-core-ui:25.0.1] AndroidManifest.xml:25:5-20
MERGED from [com.android.support:support-core-utils:25.0.1] AndroidManifest.xml:25:5-20
MERGED from [com.android.support:support-compat:25.0.1] AndroidManifest.xml:25:5-20
	android:label
		ADDED from src/main/AndroidManifest.xml:14:9-41
	android:supportsRtl
		ADDED from src/main/AndroidManifest.xml:15:9-35
	android:allowBackup
		ADDED from src/main/AndroidManifest.xml:12:9-35
	android:icon
		ADDED from src/main/AndroidManifest.xml:13:9-43
	android:theme
		ADDED from src/main/AndroidManifest.xml:16:9-65
	android:name
		ADDED from src/main/AndroidManifest.xml:17:9-30
activity#com.example.nautilius.memorycards.MainActivity
ADDED from src/main/AndroidManifest.xml:18:9-24:20
	android:name
		ADDED from src/main/AndroidManifest.xml:18:19-47
intent-filter#android.intent.action.MAIN+android.intent.category.LAUNCHER
ADDED from src/main/AndroidManifest.xml:19:13-23:29
action#android.intent.action.MAIN
ADDED from src/main/AndroidManifest.xml:20:17-69
	android:name
		ADDED from src/main/AndroidManifest.xml:20:25-66
category#android.intent.category.LAUNCHER
ADDED from src/main/AndroidManifest.xml:22:17-77
	android:name
		ADDED from src/main/AndroidManifest.xml:22:27-74
activity#com.example.nautilius.memorycards.GestionCarte
ADDED from src/main/AndroidManifest.xml:25:9-32:20
	android:label
		ADDED from src/main/AndroidManifest.xml:27:13-36
	android:parentActivityName
		ADDED from src/main/AndroidManifest.xml:28:13-55
	android:name
		ADDED from src/main/AndroidManifest.xml:26:13-41
meta-data#android.support.PARENT_ACTIVITY
ADDED from src/main/AndroidManifest.xml:29:13-31:49
	android:value
		ADDED from src/main/AndroidManifest.xml:31:17-46
	android:name
		ADDED from src/main/AndroidManifest.xml:30:17-63
activity#com.example.nautilius.memorycards.ParamActivity
ADDED from src/main/AndroidManifest.xml:33:9-40:20
	android:label
		ADDED from src/main/AndroidManifest.xml:35:13-39
	android:parentActivityName
		ADDED from src/main/AndroidManifest.xml:36:13-55
	android:name
		ADDED from src/main/AndroidManifest.xml:34:13-42
activity#com.example.nautilius.memorycards.AfficherTable
ADDED from src/main/AndroidManifest.xml:41:9-48:20
	android:label
		ADDED from src/main/AndroidManifest.xml:43:13-37
	android:parentActivityName
		ADDED from src/main/AndroidManifest.xml:44:13-55
	android:name
		ADDED from src/main/AndroidManifest.xml:42:13-42
activity#com.example.nautilius.memorycards.AjoutCartes
ADDED from src/main/AndroidManifest.xml:49:9-55:20
	android:parentActivityName
		ADDED from src/main/AndroidManifest.xml:51:13-55
	android:name
		ADDED from src/main/AndroidManifest.xml:50:13-40
meta-data#com.google.android.gms.version
ADDED from src/main/AndroidManifest.xml:60:9-62:69
MERGED from [com.google.android.gms:play-services-basement:9.8.0] AndroidManifest.xml:20:9-121
	android:value
		ADDED from src/main/AndroidManifest.xml:62:13-66
	android:name
		ADDED from src/main/AndroidManifest.xml:61:13-58
service#com.example.nautilius.memorycards.DmServiceInsert
ADDED from src/main/AndroidManifest.xml:64:9-66:40
	android:exported
		ADDED from src/main/AndroidManifest.xml:66:13-37
	android:name
		ADDED from src/main/AndroidManifest.xml:65:13-44
receiver#com.example.nautilius.memorycards.EndParsingReceiver
ADDED from src/main/AndroidManifest.xml:68:9-56
	android:name
		ADDED from src/main/AndroidManifest.xml:68:19-53
receiver#com.example.nautilius.memorycards.BroadCAstReceiverDemarrage
ADDED from src/main/AndroidManifest.xml:69:9-72:37
	android:name
		ADDED from src/main/AndroidManifest.xml:69:19-61
intent-filter#android.intent.action.BOOT_COMPLETED
ADDED from src/main/AndroidManifest.xml:70:9-72:25
action#android.intent.action.BOOT_COMPLETED
ADDED from src/main/AndroidManifest.xml:71:13-75
	android:name
		ADDED from src/main/AndroidManifest.xml:71:21-72
activity#com.example.nautilius.memorycards.ListCarte
ADDED from src/main/AndroidManifest.xml:74:9-47
	android:name
		ADDED from src/main/AndroidManifest.xml:74:19-44
activity#com.example.nautilius.memorycards.LienActivity
ADDED from src/main/AndroidManifest.xml:75:9-50
	android:name
		ADDED from src/main/AndroidManifest.xml:75:19-47
activity#com.example.nautilius.memorycards.DownloadDataActivity
ADDED from src/main/AndroidManifest.xml:76:9-58
	android:name
		ADDED from src/main/AndroidManifest.xml:76:19-55
activity#com.example.nautilius.memorycards.AjouterJeu
ADDED from src/main/AndroidManifest.xml:77:9-48
	android:name
		ADDED from src/main/AndroidManifest.xml:77:19-45
activity#com.example.nautilius.memorycards.SuppJeu
ADDED from src/main/AndroidManifest.xml:78:9-45
	android:name
		ADDED from src/main/AndroidManifest.xml:78:19-42
service#com.example.nautilius.memorycards.UpdateService
ADDED from src/main/AndroidManifest.xml:80:9-82:40
	android:exported
		ADDED from src/main/AndroidManifest.xml:82:13-37
	android:name
		ADDED from src/main/AndroidManifest.xml:81:13-42
activity#com.example.nautilius.memorycards.ListCarteNonConsulte
ADDED from src/main/AndroidManifest.xml:84:9-92:20
	android:label
		ADDED from src/main/AndroidManifest.xml:86:13-75
	android:parentActivityName
		ADDED from src/main/AndroidManifest.xml:87:13-55
	android:theme
		ADDED from src/main/AndroidManifest.xml:88:13-69
	android:name
		ADDED from src/main/AndroidManifest.xml:85:13-49
service#com.example.nautilius.memorycards.ServiceRappelRevision
ADDED from src/main/AndroidManifest.xml:94:9-97:47
	android:enabled
		ADDED from src/main/AndroidManifest.xml:96:13-35
	android:exported
		ADDED from src/main/AndroidManifest.xml:97:13-36
	android:name
		ADDED from src/main/AndroidManifest.xml:95:13-50
uses-sdk
INJECTED from src/main/AndroidManifest.xml reason: use-sdk injection requested
MERGED from [com.google.android.gms:play-services-appindexing:9.8.0] AndroidManifest.xml:17:5-42
MERGED from [com.google.android.gms:play-services-base:9.8.0] AndroidManifest.xml:17:5-42
MERGED from [com.google.firebase:firebase-common:9.8.0] AndroidManifest.xml:3:5-42
MERGED from [com.google.android.gms:play-services-tasks:9.8.0] AndroidManifest.xml:3:5-42
MERGED from [com.google.android.gms:play-services-basement:9.8.0] AndroidManifest.xml:17:5-42
MERGED from [com.android.support:design:25.0.1] AndroidManifest.xml:21:5-23:62
MERGED from [com.android.support:appcompat-v7:25.0.1] AndroidManifest.xml:21:5-23:78
MERGED from [com.android.support:animated-vector-drawable:25.0.1] AndroidManifest.xml:20:5-44
MERGED from [com.android.support:support-vector-drawable:25.0.1] AndroidManifest.xml:21:5-43
MERGED from [com.android.support:recyclerview-v7:25.0.1] AndroidManifest.xml:20:5-43
MERGED from [com.android.support:transition:25.0.1] AndroidManifest.xml:20:5-44
MERGED from [com.android.support:support-v4:25.0.1] AndroidManifest.xml:21:5-23:54
MERGED from [com.android.support:support-fragment:25.0.1] AndroidManifest.xml:21:5-23:60
MERGED from [com.android.support:support-media-compat:25.0.1] AndroidManifest.xml:21:5-23:63
MERGED from [com.android.support:support-core-ui:25.0.1] AndroidManifest.xml:21:5-23:58
MERGED from [com.android.support:support-core-utils:25.0.1] AndroidManifest.xml:21:5-23:61
MERGED from [com.android.support:support-compat:25.0.1] AndroidManifest.xml:21:5-23:58
	tools:overrideLibrary
		ADDED from [com.android.support:design:25.0.1] AndroidManifest.xml:23:9-59
	android:targetSdkVersion
		INJECTED from src/main/AndroidManifest.xml
		INJECTED from src/main/AndroidManifest.xml
	android:minSdkVersion
		INJECTED from src/main/AndroidManifest.xml
		INJECTED from src/main/AndroidManifest.xml
activity#com.google.android.gms.common.api.GoogleApiActivity
ADDED from [com.google.android.gms:play-services-base:9.8.0] AndroidManifest.xml:19:9-172
	android:exported
		ADDED from [com.google.android.gms:play-services-base:9.8.0] AndroidManifest.xml:19:146-170
	android:theme
		ADDED from [com.google.android.gms:play-services-base:9.8.0] AndroidManifest.xml:19:86-145
	android:name
		ADDED from [com.google.android.gms:play-services-base:9.8.0] AndroidManifest.xml:19:19-85
provider#com.google.firebase.provider.FirebaseInitProvider
ADDED from [com.google.firebase:firebase-common:9.8.0] AndroidManifest.xml:6:9-175
	android:authorities
		ADDED from [com.google.firebase:firebase-common:9.8.0] AndroidManifest.xml:6:19-78
	android:exported
		ADDED from [com.google.firebase:firebase-common:9.8.0] AndroidManifest.xml:6:125-149
	android:initOrder
		ADDED from [com.google.firebase:firebase-common:9.8.0] AndroidManifest.xml:6:150-173
	android:name
		ADDED from [com.google.firebase:firebase-common:9.8.0] AndroidManifest.xml:6:79-124